{"timestamp": "2025-09-12T15:20:33.004169", "level": "INFO", "logger": "werkzeug", "message": "127.0.0.1 - - [12/Sep/2025 15:20:33] \"\u001b[33mGET / HTTP/1.1\u001b[0m\" 404 -", "module": "_internal", "function": "_log", "line": 225}
{"timestamp": "2025-09-12T15:20:33.035816", "level": "INFO", "logger": "werkzeug", "message": "127.0.0.1 - - [12/Sep/2025 15:20:33] \"\u001b[33mGET /favicon.ico HTTP/1.1\u001b[0m\" 404 -", "module": "_internal", "function": "_log", "line": 225}
{"timestamp": "2025-09-12T15:20:34.371826", "level": "INFO", "logger": "werkzeug", "message": "127.0.0.1 - - [12/Sep/2025 15:20:34] \"\u001b[33mGET / HTTP/1.1\u001b[0m\" 404 -", "module": "_internal", "function": "_log", "line": 225}
{"timestamp": "2025-09-12T15:20:56.995176", "level": "INFO", "logger": "werkzeug", "message": "127.0.0.1 - - [12/Sep/2025 15:20:56] \"\u001b[33mGET / HTTP/1.1\u001b[0m\" 404 -", "module": "_internal", "function": "_log", "line": 225}
{"timestamp": "2025-09-12T15:23:11.961948", "level": "INFO", "logger": "system", "message": "Logging system initialized", "module": "logging", "function": "info", "line": 70}
{"timestamp": "2025-09-12T15:23:11.962132", "level": "INFO", "logger": "database", "message": "Database manager initialized", "module": "logging", "function": "info", "line": 70}
{"timestamp": "2025-09-12T15:23:12.020678", "level": "INFO", "logger": "monitoring", "message": "Default health checks registered", "module": "logging", "function": "info", "line": 70}
{"timestamp": "2025-09-12T15:23:12.551861", "level": "INFO", "logger": "health", "message": "External dependency health checks registered", "module": "logging", "function": "info", "line": 70}
{"timestamp": "2025-09-12T15:23:12.554105", "level": "INFO", "logger": "src.agents.agent_factory", "message": "Initialized Agent Factory", "module": "logging", "function": "info", "line": 70}
{"timestamp": "2025-09-12T15:23:12.554743", "level": "INFO", "logger": "src.data.quiver_client", "message": "Initialized Quiver client with rate limit: 60/min", "module": "logging", "function": "info", "line": 70}
{"timestamp": "2025-09-12T15:23:12.554897", "level": "INFO", "logger": "src.data.alpaca_client", "message": "Initialized Alpaca client in paper trading mode", "module": "logging", "function": "info", "line": 70}
{"timestamp": "2025-09-12T15:23:12.569848", "level": "INFO", "logger": "src.data.market_data_service", "message": "Initialized Market Data Service with 15-minute cache", "module": "logging", "function": "info", "line": 70}
{"timestamp": "2025-09-12T15:23:12.569923", "level": "INFO", "logger": "src.data.data_processor", "message": "Initialized Data Processing Engine", "module": "logging", "function": "info", "line": 70}
{"timestamp": "2025-09-12T15:23:12.569989", "level": "INFO", "logger": "src.scheduler.daily_runner", "message": "Initialized Daily Runner", "module": "logging", "function": "info", "line": 70}
{"timestamp": "2025-09-12T15:23:12.570022", "level": "INFO", "logger": "src.scheduler.daily_runner", "message": "Scheduled execution time: 21:30 US/Eastern", "module": "logging", "function": "info", "line": 70}
{"timestamp": "2025-09-12T15:23:12.573993", "level": "INFO", "logger": "src.scheduler.intraday_scheduler", "message": "Initialized Intraday Scheduler", "module": "logging", "function": "info", "line": 70}
{"timestamp": "2025-09-12T15:23:12.575392", "level": "INFO", "logger": "__main__", "message": "Starting Trading Automation System - Command: start", "module": "logging", "function": "info", "line": 70}
{"timestamp": "2025-09-12T15:23:12.575437", "level": "INFO", "logger": "__main__", "message": "Starting all trading agents for market hours execution...", "module": "logging", "function": "info", "line": 70}
{"timestamp": "2025-09-12T15:23:12.575543", "level": "INFO", "logger": "health", "message": "Starting health server on 0.0.0.0:8080", "module": "logging", "function": "info", "line": 70}
{"timestamp": "2025-09-12T15:23:12.575590", "level": "INFO", "logger": "health", "message": "Health server started on 0.0.0.0:8080", "module": "logging", "function": "info", "line": 70}
{"timestamp": "2025-09-12T15:23:12.575747", "level": "INFO", "logger": "__main__", "message": "Health server started on port 8080", "module": "logging", "function": "info", "line": 70}
{"timestamp": "2025-09-12T15:23:12.575783", "level": "INFO", "logger": "src.agents.agent_factory", "message": "Creating 6 agents from configuration", "module": "logging", "function": "info", "line": 70}
{"timestamp": "2025-09-12T15:23:12.576428", "level": "INFO", "logger": "src.data.alpaca_client", "message": "Initialized Alpaca client in paper trading mode", "module": "logging", "function": "info", "line": 70}
{"timestamp": "2025-09-12T15:23:12.576538", "level": "INFO", "logger": "src.data.quiver_client", "message": "Initialized Quiver client with rate limit: 60/min", "module": "logging", "function": "info", "line": 70}
{"timestamp": "2025-09-12T15:23:12.576578", "level": "INFO", "logger": "src.data.market_data_service", "message": "Initialized Market Data Service with 15-minute cache", "module": "logging", "function": "info", "line": 70}
{"timestamp": "2025-09-12T15:23:12.576615", "level": "INFO", "logger": "src.agents.base_agent", "message": "Initialized agent transportation_committee tracking 10 politicians", "module": "logging", "function": "info", "line": 70}
{"timestamp": "2025-09-12T15:23:12.576676", "level": "INFO", "logger": "src.agents.committee_agent", "message": "Initialized committee agent transportation_committee tracking 10 politicians", "module": "logging", "function": "info", "line": 70}
{"timestamp": "2025-09-12T15:23:12.576715", "level": "INFO", "logger": "src.agents.agent_factory", "message": "Created agent: transportation_committee (TransportationCommitteeAgent)", "module": "logging", "function": "info", "line": 70}
{"timestamp": "2025-09-12T15:23:12.576799", "level": "INFO", "logger": "src.data.alpaca_client", "message": "Initialized Alpaca client in paper trading mode", "module": "logging", "function": "info", "line": 70}
{"timestamp": "2025-09-12T15:23:12.576855", "level": "INFO", "logger": "src.data.quiver_client", "message": "Initialized Quiver client with rate limit: 60/min", "module": "logging", "function": "info", "line": 70}
{"timestamp": "2025-09-12T15:23:12.576889", "level": "INFO", "logger": "src.data.market_data_service", "message": "Initialized Market Data Service with 15-minute cache", "module": "logging", "function": "info", "line": 70}
{"timestamp": "2025-09-12T15:23:12.576919", "level": "INFO", "logger": "src.agents.base_agent", "message": "Initialized agent josh_gottheimer tracking 1 politicians", "module": "logging", "function": "info", "line": 70}
{"timestamp": "2025-09-12T15:23:12.576947", "level": "INFO", "logger": "src.agents.individual_agent", "message": "Initialized individual agent josh_gottheimer tracking: Josh Gottheimer", "module": "logging", "function": "info", "line": 70}
{"timestamp": "2025-09-12T15:23:12.576975", "level": "INFO", "logger": "src.agents.agent_factory", "message": "Created agent: josh_gottheimer (JoshGottheimerAgent)", "module": "logging", "function": "info", "line": 70}
{"timestamp": "2025-09-12T15:23:12.577051", "level": "INFO", "logger": "src.data.alpaca_client", "message": "Initialized Alpaca client in paper trading mode", "module": "logging", "function": "info", "line": 70}
{"timestamp": "2025-09-12T15:23:12.577099", "level": "INFO", "logger": "src.data.quiver_client", "message": "Initialized Quiver client with rate limit: 60/min", "module": "logging", "function": "info", "line": 70}
{"timestamp": "2025-09-12T15:23:12.577131", "level": "INFO", "logger": "src.data.market_data_service", "message": "Initialized Market Data Service with 15-minute cache", "module": "logging", "function": "info", "line": 70}
{"timestamp": "2025-09-12T15:23:12.577159", "level": "INFO", "logger": "src.agents.base_agent", "message": "Initialized agent sheldon_whitehouse tracking 1 politicians", "module": "logging", "function": "info", "line": 70}
{"timestamp": "2025-09-12T15:23:12.577186", "level": "INFO", "logger": "src.agents.individual_agent", "message": "Initialized individual agent sheldon_whitehouse tracking: Sheldon Whitehouse", "module": "logging", "function": "info", "line": 70}
{"timestamp": "2025-09-12T15:23:12.577219", "level": "INFO", "logger": "src.agents.agent_factory", "message": "Created agent: sheldon_whitehouse (SheldonWhitehouseAgent)", "module": "logging", "function": "info", "line": 70}
{"timestamp": "2025-09-12T15:23:12.577294", "level": "INFO", "logger": "src.data.alpaca_client", "message": "Initialized Alpaca client in paper trading mode", "module": "logging", "function": "info", "line": 70}
{"timestamp": "2025-09-12T15:23:12.577343", "level": "INFO", "logger": "src.data.quiver_client", "message": "Initialized Quiver client with rate limit: 60/min", "module": "logging", "function": "info", "line": 70}
{"timestamp": "2025-09-12T15:23:12.577376", "level": "INFO", "logger": "src.data.market_data_service", "message": "Initialized Market Data Service with 15-minute cache", "module": "logging", "function": "info", "line": 70}
{"timestamp": "2025-09-12T15:23:12.577405", "level": "INFO", "logger": "src.agents.base_agent", "message": "Initialized agent nancy_pelosi tracking 1 politicians", "module": "logging", "function": "info", "line": 70}
{"timestamp": "2025-09-12T15:23:12.577431", "level": "INFO", "logger": "src.agents.individual_agent", "message": "Initialized individual agent nancy_pelosi tracking: Nancy Pelosi", "module": "logging", "function": "info", "line": 70}
{"timestamp": "2025-09-12T15:23:12.577459", "level": "INFO", "logger": "src.agents.agent_factory", "message": "Created agent: nancy_pelosi (NancyPelosiAgent)", "module": "logging", "function": "info", "line": 70}
{"timestamp": "2025-09-12T15:23:12.577542", "level": "INFO", "logger": "src.data.alpaca_client", "message": "Initialized Alpaca client in paper trading mode", "module": "logging", "function": "info", "line": 70}
{"timestamp": "2025-09-12T15:23:12.577593", "level": "INFO", "logger": "src.data.quiver_client", "message": "Initialized Quiver client with rate limit: 60/min", "module": "logging", "function": "info", "line": 70}
{"timestamp": "2025-09-12T15:23:12.577624", "level": "INFO", "logger": "src.data.market_data_service", "message": "Initialized Market Data Service with 15-minute cache", "module": "logging", "function": "info", "line": 70}
{"timestamp": "2025-09-12T15:23:12.577653", "level": "INFO", "logger": "src.agents.base_agent", "message": "Initialized agent dan_meuser tracking 1 politicians", "module": "logging", "function": "info", "line": 70}
{"timestamp": "2025-09-12T15:23:12.577679", "level": "INFO", "logger": "src.agents.individual_agent", "message": "Initialized individual agent dan_meuser tracking: Dan Meuser", "module": "logging", "function": "info", "line": 70}
{"timestamp": "2025-09-12T15:23:12.577706", "level": "INFO", "logger": "src.agents.agent_factory", "message": "Created agent: dan_meuser (DanMeuserAgent)", "module": "logging", "function": "info", "line": 70}
{"timestamp": "2025-09-12T15:23:12.577961", "level": "INFO", "logger": "src.data.alpaca_client", "message": "Initialized Alpaca client in paper trading mode", "module": "logging", "function": "info", "line": 70}
{"timestamp": "2025-09-12T15:23:12.578016", "level": "INFO", "logger": "src.data.quiver_client", "message": "Initialized Quiver client with rate limit: 60/min", "module": "logging", "function": "info", "line": 70}
{"timestamp": "2025-09-12T15:23:12.578050", "level": "INFO", "logger": "src.data.market_data_service", "message": "Initialized Market Data Service with 15-minute cache", "module": "logging", "function": "info", "line": 70}
{"timestamp": "2025-09-12T15:23:12.578080", "level": "INFO", "logger": "src.agents.base_agent", "message": "Initialized agent andy_grok tracking 0 politicians", "module": "logging", "function": "info", "line": 70}
{"timestamp": "2025-09-12T15:23:12.578112", "level": "INFO", "logger": "src.agents.technical_agent", "message": "Initialized technical agent andy_grok for ticker SPY", "module": "logging", "function": "info", "line": 70}
{"timestamp": "2025-09-12T15:23:12.578141", "level": "INFO", "logger": "src.agents.andy_grok_agent", "message": "Initialized Andy Grok Agent andy_grok - RSI strategy for SPY", "module": "logging", "function": "info", "line": 70}
{"timestamp": "2025-09-12T15:23:12.578174", "level": "INFO", "logger": "src.agents.andy_grok_agent", "message": "RSI thresholds: oversold < 30.0, overbought > 70.0", "module": "logging", "function": "info", "line": 70}
{"timestamp": "2025-09-12T15:23:12.578207", "level": "INFO", "logger": "src.agents.agent_factory", "message": "Created agent: andy_grok (AndyGrokAgent)", "module": "logging", "function": "info", "line": 70}
{"timestamp": "2025-09-12T15:23:12.578475", "level": "INFO", "logger": "src.agents.agent_factory", "message": "Successfully created 6 agents", "module": "logging", "function": "info", "line": 70}
{"timestamp": "2025-09-12T15:23:12.578526", "level": "INFO", "logger": "src.scheduler.intraday_scheduler", "message": "Added intraday task: transportation_committee_market_open at 09:30", "module": "logging", "function": "info", "line": 70}
{"timestamp": "2025-09-12T15:23:12.578554", "level": "INFO", "logger": "src.scheduler.intraday_scheduler", "message": "Added congressional agent transportation_committee to market hours scheduler", "module": "logging", "function": "info", "line": 70}
{"timestamp": "2025-09-12T15:23:12.578582", "level": "INFO", "logger": "__main__", "message": "Added congressional agent transportation_committee to market hours scheduler", "module": "logging", "function": "info", "line": 70}
{"timestamp": "2025-09-12T15:23:12.578616", "level": "INFO", "logger": "src.scheduler.intraday_scheduler", "message": "Added intraday task: josh_gottheimer_market_open at 09:30", "module": "logging", "function": "info", "line": 70}
{"timestamp": "2025-09-12T15:23:12.578643", "level": "INFO", "logger": "src.scheduler.intraday_scheduler", "message": "Added congressional agent josh_gottheimer to market hours scheduler", "module": "logging", "function": "info", "line": 70}
{"timestamp": "2025-09-12T15:23:12.578668", "level": "INFO", "logger": "__main__", "message": "Added congressional agent josh_gottheimer to market hours scheduler", "module": "logging", "function": "info", "line": 70}
{"timestamp": "2025-09-12T15:23:12.578700", "level": "INFO", "logger": "src.scheduler.intraday_scheduler", "message": "Added intraday task: sheldon_whitehouse_market_open at 09:30", "module": "logging", "function": "info", "line": 70}
{"timestamp": "2025-09-12T15:23:12.578726", "level": "INFO", "logger": "src.scheduler.intraday_scheduler", "message": "Added congressional agent sheldon_whitehouse to market hours scheduler", "module": "logging", "function": "info", "line": 70}
{"timestamp": "2025-09-12T15:23:12.578808", "level": "INFO", "logger": "__main__", "message": "Added congressional agent sheldon_whitehouse to market hours scheduler", "module": "logging", "function": "info", "line": 70}
{"timestamp": "2025-09-12T15:23:12.578779", "level": "ERROR", "logger": "health", "message": "Health server failed to start", "module": "logging", "function": "error", "line": 86, "exception": {"type": "OSError", "message": "[Errno 48] Address already in use", "traceback": ["Traceback (most recent call last):\n", "  File \"/Users/admin/github/trading-automation/src/utils/health.py\", line 155, in run_server\n    self.app.run(\n", "  File \"/Users/admin/Library/Python/3.9/lib/python/site-packages/flask/app.py\", line 922, in run\n    run_simple(t.cast(str, host), port, self, **options)\n", "  File \"/Users/admin/Library/Python/3.9/lib/python/site-packages/werkzeug/serving.py\", line 1017, in run_simple\n    inner()\n", "  File \"/Users/admin/Library/Python/3.9/lib/python/site-packages/werkzeug/serving.py\", line 957, in inner\n    srv = make_server(\n", "  File \"/Users/admin/Library/Python/3.9/lib/python/site-packages/werkzeug/serving.py\", line 789, in make_server\n    return ThreadedWSGIServer(\n", "  File \"/Users/admin/Library/Python/3.9/lib/python/site-packages/werkzeug/serving.py\", line 693, in __init__\n    super().__init__(server_address, handler)  # type: ignore\n", "  File \"/Applications/Xcode.app/Contents/Developer/Library/Frameworks/Python3.framework/Versions/3.9/lib/python3.9/socketserver.py\", line 452, in __init__\n    self.server_bind()\n", "  File \"/Applications/Xcode.app/Contents/Developer/Library/Frameworks/Python3.framework/Versions/3.9/lib/python3.9/http/server.py\", line 138, in server_bind\n    socketserver.TCPServer.server_bind(self)\n", "  File \"/Applications/Xcode.app/Contents/Developer/Library/Frameworks/Python3.framework/Versions/3.9/lib/python3.9/socketserver.py\", line 466, in server_bind\n    self.socket.bind(self.server_address)\n", "OSError: [Errno 48] Address already in use\n"]}}
{"timestamp": "2025-09-12T15:23:12.578842", "level": "INFO", "logger": "src.scheduler.intraday_scheduler", "message": "Added intraday task: nancy_pelosi_market_open at 09:30", "module": "logging", "function": "info", "line": 70}
{"timestamp": "2025-09-12T15:23:12.585023", "level": "INFO", "logger": "src.scheduler.intraday_scheduler", "message": "Added congressional agent nancy_pelosi to market hours scheduler", "module": "logging", "function": "info", "line": 70}
{"timestamp": "2025-09-12T15:23:12.585059", "level": "INFO", "logger": "__main__", "message": "Added congressional agent nancy_pelosi to market hours scheduler", "module": "logging", "function": "info", "line": 70}
{"timestamp": "2025-09-12T15:23:12.585104", "level": "INFO", "logger": "src.scheduler.intraday_scheduler", "message": "Added intraday task: dan_meuser_market_open at 09:30", "module": "logging", "function": "info", "line": 70}
{"timestamp": "2025-09-12T15:23:12.585131", "level": "INFO", "logger": "src.scheduler.intraday_scheduler", "message": "Added congressional agent dan_meuser to market hours scheduler", "module": "logging", "function": "info", "line": 70}
{"timestamp": "2025-09-12T15:23:12.585155", "level": "INFO", "logger": "__main__", "message": "Added congressional agent dan_meuser to market hours scheduler", "module": "logging", "function": "info", "line": 70}
{"timestamp": "2025-09-12T15:23:12.585191", "level": "INFO", "logger": "src.scheduler.intraday_scheduler", "message": "Added intraday task: andy_grok_market_open at 09:30", "module": "logging", "function": "info", "line": 70}
{"timestamp": "2025-09-12T15:23:12.585227", "level": "INFO", "logger": "src.scheduler.intraday_scheduler", "message": "Added intraday task: andy_grok_market_close at 15:55", "module": "logging", "function": "info", "line": 70}
{"timestamp": "2025-09-12T15:23:12.585253", "level": "INFO", "logger": "src.scheduler.intraday_scheduler", "message": "Added technical agent andy_grok to intraday scheduler", "module": "logging", "function": "info", "line": 70}
{"timestamp": "2025-09-12T15:23:12.585280", "level": "INFO", "logger": "__main__", "message": "Added technical agent andy_grok to market hours scheduler", "module": "logging", "function": "info", "line": 70}
{"timestamp": "2025-09-12T15:23:12.585762", "level": "INFO", "logger": "src.scheduler.intraday_scheduler", "message": "Intraday scheduler loop started", "module": "logging", "function": "info", "line": 70}
{"timestamp": "2025-09-12T15:23:12.585829", "level": "INFO", "logger": "src.scheduler.intraday_scheduler", "message": "Started intraday scheduler with 7 active tasks", "module": "logging", "function": "info", "line": 70}
{"timestamp": "2025-09-12T15:23:12.585859", "level": "INFO", "logger": "__main__", "message": "Market hours scheduler started with 6 total agents", "module": "logging", "function": "info", "line": 70}
{"timestamp": "2025-09-12T15:23:19.905531", "level": "INFO", "logger": "src.scheduler.daily_runner", "message": "Received signal 15, shutting down gracefully...", "module": "logging", "function": "info", "line": 70}
{"timestamp": "2025-09-12T15:23:19.906290", "level": "INFO", "logger": "src.scheduler.daily_runner", "message": "Scheduler already stopped", "module": "logging", "function": "info", "line": 70}
{"timestamp": "2025-09-12T15:23:19.906505", "level": "INFO", "logger": "__main__", "message": "Shutting down market hours scheduler...", "module": "logging", "function": "info", "line": 70}
{"timestamp": "2025-09-12T15:23:19.906738", "level": "INFO", "logger": "src.scheduler.intraday_scheduler", "message": "Stopping intraday scheduler...", "module": "logging", "function": "info", "line": 70}
{"timestamp": "2025-09-12T15:23:20.619724", "level": "INFO", "logger": "src.scheduler.intraday_scheduler", "message": "Intraday scheduler loop ended", "module": "logging", "function": "info", "line": 70}
{"timestamp": "2025-09-12T15:23:20.620133", "level": "INFO", "logger": "src.scheduler.intraday_scheduler", "message": "Intraday scheduler stopped", "module": "logging", "function": "info", "line": 70}
{"timestamp": "2025-09-12T15:23:20.620273", "level": "INFO", "logger": "health", "message": "Health server stopped", "module": "logging", "function": "info", "line": 70}
{"timestamp": "2025-09-12T15:23:20.620354", "level": "INFO", "logger": "__main__", "message": "All agents stopped", "module": "logging", "function": "info", "line": 70}
{"timestamp": "2025-09-12T15:23:37.149693", "level": "INFO", "logger": "system", "message": "Logging system initialized", "module": "logging", "function": "info", "line": 70}
{"timestamp": "2025-09-12T15:23:37.149910", "level": "INFO", "logger": "database", "message": "Database manager initialized", "module": "logging", "function": "info", "line": 70}
{"timestamp": "2025-09-12T15:23:37.206867", "level": "INFO", "logger": "monitoring", "message": "Default health checks registered", "module": "logging", "function": "info", "line": 70}
{"timestamp": "2025-09-12T15:23:37.730237", "level": "INFO", "logger": "health", "message": "External dependency health checks registered", "module": "logging", "function": "info", "line": 70}
{"timestamp": "2025-09-12T15:23:37.732592", "level": "INFO", "logger": "src.agents.agent_factory", "message": "Initialized Agent Factory", "module": "logging", "function": "info", "line": 70}
{"timestamp": "2025-09-12T15:23:37.733185", "level": "INFO", "logger": "src.data.quiver_client", "message": "Initialized Quiver client with rate limit: 60/min", "module": "logging", "function": "info", "line": 70}
{"timestamp": "2025-09-12T15:23:37.733281", "level": "INFO", "logger": "src.data.alpaca_client", "message": "Initialized Alpaca client in paper trading mode", "module": "logging", "function": "info", "line": 70}
{"timestamp": "2025-09-12T15:23:37.748345", "level": "INFO", "logger": "src.data.market_data_service", "message": "Initialized Market Data Service with 15-minute cache", "module": "logging", "function": "info", "line": 70}
{"timestamp": "2025-09-12T15:23:37.748432", "level": "INFO", "logger": "src.data.data_processor", "message": "Initialized Data Processing Engine", "module": "logging", "function": "info", "line": 70}
{"timestamp": "2025-09-12T15:23:37.748508", "level": "INFO", "logger": "src.scheduler.daily_runner", "message": "Initialized Daily Runner", "module": "logging", "function": "info", "line": 70}
{"timestamp": "2025-09-12T15:23:37.748540", "level": "INFO", "logger": "src.scheduler.daily_runner", "message": "Scheduled execution time: 21:30 US/Eastern", "module": "logging", "function": "info", "line": 70}
{"timestamp": "2025-09-12T15:23:37.749409", "level": "INFO", "logger": "src.scheduler.intraday_scheduler", "message": "Initialized Intraday Scheduler", "module": "logging", "function": "info", "line": 70}
{"timestamp": "2025-09-12T15:23:37.750940", "level": "INFO", "logger": "__main__", "message": "Starting Trading Automation System - Command: start", "module": "logging", "function": "info", "line": 70}
{"timestamp": "2025-09-12T15:23:37.750992", "level": "INFO", "logger": "__main__", "message": "Starting all trading agents for market hours execution...", "module": "logging", "function": "info", "line": 70}
{"timestamp": "2025-09-12T15:23:37.751100", "level": "INFO", "logger": "health", "message": "Starting health server on 0.0.0.0:8080", "module": "logging", "function": "info", "line": 70}
{"timestamp": "2025-09-12T15:23:37.751225", "level": "INFO", "logger": "health", "message": "Health server started on 0.0.0.0:8080", "module": "logging", "function": "info", "line": 70}
{"timestamp": "2025-09-12T15:23:37.751328", "level": "INFO", "logger": "__main__", "message": "Health server started on port 8080", "module": "logging", "function": "info", "line": 70}
{"timestamp": "2025-09-12T15:23:37.751440", "level": "INFO", "logger": "src.agents.agent_factory", "message": "Creating 6 agents from configuration", "module": "logging", "function": "info", "line": 70}
{"timestamp": "2025-09-12T15:23:37.751566", "level": "INFO", "logger": "src.data.alpaca_client", "message": "Initialized Alpaca client in paper trading mode", "module": "logging", "function": "info", "line": 70}
{"timestamp": "2025-09-12T15:23:37.751629", "level": "INFO", "logger": "src.data.quiver_client", "message": "Initialized Quiver client with rate limit: 60/min", "module": "logging", "function": "info", "line": 70}
{"timestamp": "2025-09-12T15:23:37.751670", "level": "INFO", "logger": "src.data.market_data_service", "message": "Initialized Market Data Service with 15-minute cache", "module": "logging", "function": "info", "line": 70}
{"timestamp": "2025-09-12T15:23:37.751775", "level": "INFO", "logger": "src.agents.base_agent", "message": "Initialized agent transportation_committee tracking 10 politicians", "module": "logging", "function": "info", "line": 70}
{"timestamp": "2025-09-12T15:23:37.751877", "level": "INFO", "logger": "src.agents.committee_agent", "message": "Initialized committee agent transportation_committee tracking 10 politicians", "module": "logging", "function": "info", "line": 70}
{"timestamp": "2025-09-12T15:23:37.751930", "level": "INFO", "logger": "src.agents.agent_factory", "message": "Created agent: transportation_committee (TransportationCommitteeAgent)", "module": "logging", "function": "info", "line": 70}
{"timestamp": "2025-09-12T15:23:37.752072", "level": "INFO", "logger": "src.data.alpaca_client", "message": "Initialized Alpaca client in paper trading mode", "module": "logging", "function": "info", "line": 70}
{"timestamp": "2025-09-12T15:23:37.752137", "level": "INFO", "logger": "src.data.quiver_client", "message": "Initialized Quiver client with rate limit: 60/min", "module": "logging", "function": "info", "line": 70}
{"timestamp": "2025-09-12T15:23:37.752175", "level": "INFO", "logger": "src.data.market_data_service", "message": "Initialized Market Data Service with 15-minute cache", "module": "logging", "function": "info", "line": 70}
{"timestamp": "2025-09-12T15:23:37.752213", "level": "INFO", "logger": "src.agents.base_agent", "message": "Initialized agent josh_gottheimer tracking 1 politicians", "module": "logging", "function": "info", "line": 70}
{"timestamp": "2025-09-12T15:23:37.752246", "level": "INFO", "logger": "src.agents.individual_agent", "message": "Initialized individual agent josh_gottheimer tracking: Josh Gottheimer", "module": "logging", "function": "info", "line": 70}
{"timestamp": "2025-09-12T15:23:37.752279", "level": "INFO", "logger": "src.agents.agent_factory", "message": "Created agent: josh_gottheimer (JoshGottheimerAgent)", "module": "logging", "function": "info", "line": 70}
{"timestamp": "2025-09-12T15:23:37.752424", "level": "INFO", "logger": "src.data.alpaca_client", "message": "Initialized Alpaca client in paper trading mode", "module": "logging", "function": "info", "line": 70}
{"timestamp": "2025-09-12T15:23:37.752483", "level": "INFO", "logger": "src.data.quiver_client", "message": "Initialized Quiver client with rate limit: 60/min", "module": "logging", "function": "info", "line": 70}
{"timestamp": "2025-09-12T15:23:37.752517", "level": "INFO", "logger": "src.data.market_data_service", "message": "Initialized Market Data Service with 15-minute cache", "module": "logging", "function": "info", "line": 70}
{"timestamp": "2025-09-12T15:23:37.752550", "level": "INFO", "logger": "src.agents.base_agent", "message": "Initialized agent sheldon_whitehouse tracking 1 politicians", "module": "logging", "function": "info", "line": 70}
{"timestamp": "2025-09-12T15:23:37.752579", "level": "INFO", "logger": "src.agents.individual_agent", "message": "Initialized individual agent sheldon_whitehouse tracking: Sheldon Whitehouse", "module": "logging", "function": "info", "line": 70}
{"timestamp": "2025-09-12T15:23:37.752626", "level": "INFO", "logger": "src.agents.agent_factory", "message": "Created agent: sheldon_whitehouse (SheldonWhitehouseAgent)", "module": "logging", "function": "info", "line": 70}
{"timestamp": "2025-09-12T15:23:37.752704", "level": "INFO", "logger": "src.data.alpaca_client", "message": "Initialized Alpaca client in paper trading mode", "module": "logging", "function": "info", "line": 70}
{"timestamp": "2025-09-12T15:23:37.752764", "level": "INFO", "logger": "src.data.quiver_client", "message": "Initialized Quiver client with rate limit: 60/min", "module": "logging", "function": "info", "line": 70}
{"timestamp": "2025-09-12T15:23:37.752794", "level": "INFO", "logger": "src.data.market_data_service", "message": "Initialized Market Data Service with 15-minute cache", "module": "logging", "function": "info", "line": 70}
{"timestamp": "2025-09-12T15:23:37.752824", "level": "INFO", "logger": "src.agents.base_agent", "message": "Initialized agent nancy_pelosi tracking 1 politicians", "module": "logging", "function": "info", "line": 70}
{"timestamp": "2025-09-12T15:23:37.752852", "level": "INFO", "logger": "src.agents.individual_agent", "message": "Initialized individual agent nancy_pelosi tracking: Nancy Pelosi", "module": "logging", "function": "info", "line": 70}
{"timestamp": "2025-09-12T15:23:37.752881", "level": "INFO", "logger": "src.agents.agent_factory", "message": "Created agent: nancy_pelosi (NancyPelosiAgent)", "module": "logging", "function": "info", "line": 70}
{"timestamp": "2025-09-12T15:23:37.752958", "level": "INFO", "logger": "src.data.alpaca_client", "message": "Initialized Alpaca client in paper trading mode", "module": "logging", "function": "info", "line": 70}
{"timestamp": "2025-09-12T15:23:37.753007", "level": "INFO", "logger": "src.data.quiver_client", "message": "Initialized Quiver client with rate limit: 60/min", "module": "logging", "function": "info", "line": 70}
{"timestamp": "2025-09-12T15:23:37.753037", "level": "INFO", "logger": "src.data.market_data_service", "message": "Initialized Market Data Service with 15-minute cache", "module": "logging", "function": "info", "line": 70}
{"timestamp": "2025-09-12T15:23:37.753069", "level": "INFO", "logger": "src.agents.base_agent", "message": "Initialized agent dan_meuser tracking 1 politicians", "module": "logging", "function": "info", "line": 70}
{"timestamp": "2025-09-12T15:23:37.753109", "level": "INFO", "logger": "src.agents.individual_agent", "message": "Initialized individual agent dan_meuser tracking: Dan Meuser", "module": "logging", "function": "info", "line": 70}
{"timestamp": "2025-09-12T15:23:37.753155", "level": "INFO", "logger": "src.agents.agent_factory", "message": "Created agent: dan_meuser (DanMeuserAgent)", "module": "logging", "function": "info", "line": 70}
{"timestamp": "2025-09-12T15:23:37.753426", "level": "INFO", "logger": "src.data.alpaca_client", "message": "Initialized Alpaca client in paper trading mode", "module": "logging", "function": "info", "line": 70}
{"timestamp": "2025-09-12T15:23:37.753492", "level": "INFO", "logger": "src.data.quiver_client", "message": "Initialized Quiver client with rate limit: 60/min", "module": "logging", "function": "info", "line": 70}
{"timestamp": "2025-09-12T15:23:37.753528", "level": "INFO", "logger": "src.data.market_data_service", "message": "Initialized Market Data Service with 15-minute cache", "module": "logging", "function": "info", "line": 70}
{"timestamp": "2025-09-12T15:23:37.753562", "level": "INFO", "logger": "src.agents.base_agent", "message": "Initialized agent andy_grok tracking 0 politicians", "module": "logging", "function": "info", "line": 70}
{"timestamp": "2025-09-12T15:23:37.753594", "level": "INFO", "logger": "src.agents.technical_agent", "message": "Initialized technical agent andy_grok for ticker SPY", "module": "logging", "function": "info", "line": 70}
{"timestamp": "2025-09-12T15:23:37.753626", "level": "INFO", "logger": "src.agents.andy_grok_agent", "message": "Initialized Andy Grok Agent andy_grok - RSI strategy for SPY", "module": "logging", "function": "info", "line": 70}
{"timestamp": "2025-09-12T15:23:37.753667", "level": "INFO", "logger": "src.agents.andy_grok_agent", "message": "RSI thresholds: oversold < 30.0, overbought > 70.0", "module": "logging", "function": "info", "line": 70}
{"timestamp": "2025-09-12T15:23:37.753696", "level": "INFO", "logger": "src.agents.agent_factory", "message": "Created agent: andy_grok (AndyGrokAgent)", "module": "logging", "function": "info", "line": 70}
{"timestamp": "2025-09-12T15:23:37.753732", "level": "INFO", "logger": "src.agents.agent_factory", "message": "Successfully created 6 agents", "module": "logging", "function": "info", "line": 70}
{"timestamp": "2025-09-12T15:23:37.753787", "level": "INFO", "logger": "src.scheduler.intraday_scheduler", "message": "Added intraday task: transportation_committee_market_open at 09:30", "module": "logging", "function": "info", "line": 70}
{"timestamp": "2025-09-12T15:23:37.753815", "level": "INFO", "logger": "src.scheduler.intraday_scheduler", "message": "Added congressional agent transportation_committee to market hours scheduler", "module": "logging", "function": "info", "line": 70}
{"timestamp": "2025-09-12T15:23:37.753843", "level": "INFO", "logger": "__main__", "message": "Added congressional agent transportation_committee to market hours scheduler", "module": "logging", "function": "info", "line": 70}
{"timestamp": "2025-09-12T15:23:37.753877", "level": "INFO", "logger": "src.scheduler.intraday_scheduler", "message": "Added intraday task: josh_gottheimer_market_open at 09:30", "module": "logging", "function": "info", "line": 70}
{"timestamp": "2025-09-12T15:23:37.753903", "level": "INFO", "logger": "src.scheduler.intraday_scheduler", "message": "Added congressional agent josh_gottheimer to market hours scheduler", "module": "logging", "function": "info", "line": 70}
{"timestamp": "2025-09-12T15:23:37.753929", "level": "INFO", "logger": "__main__", "message": "Added congressional agent josh_gottheimer to market hours scheduler", "module": "logging", "function": "info", "line": 70}
{"timestamp": "2025-09-12T15:23:37.753962", "level": "INFO", "logger": "src.scheduler.intraday_scheduler", "message": "Added intraday task: sheldon_whitehouse_market_open at 09:30", "module": "logging", "function": "info", "line": 70}
{"timestamp": "2025-09-12T15:23:37.753989", "level": "INFO", "logger": "src.scheduler.intraday_scheduler", "message": "Added congressional agent sheldon_whitehouse to market hours scheduler", "module": "logging", "function": "info", "line": 70}
{"timestamp": "2025-09-12T15:23:37.754553", "level": "INFO", "logger": "__main__", "message": "Added congressional agent sheldon_whitehouse to market hours scheduler", "module": "logging", "function": "info", "line": 70}
{"timestamp": "2025-09-12T15:23:37.754590", "level": "INFO", "logger": "src.scheduler.intraday_scheduler", "message": "Added intraday task: nancy_pelosi_market_open at 09:30", "module": "logging", "function": "info", "line": 70}
{"timestamp": "2025-09-12T15:23:37.754616", "level": "INFO", "logger": "src.scheduler.intraday_scheduler", "message": "Added congressional agent nancy_pelosi to market hours scheduler", "module": "logging", "function": "info", "line": 70}
{"timestamp": "2025-09-12T15:23:37.754640", "level": "INFO", "logger": "__main__", "message": "Added congressional agent nancy_pelosi to market hours scheduler", "module": "logging", "function": "info", "line": 70}
{"timestamp": "2025-09-12T15:23:37.754673", "level": "INFO", "logger": "src.scheduler.intraday_scheduler", "message": "Added intraday task: dan_meuser_market_open at 09:30", "module": "logging", "function": "info", "line": 70}
{"timestamp": "2025-09-12T15:23:37.754700", "level": "INFO", "logger": "src.scheduler.intraday_scheduler", "message": "Added congressional agent dan_meuser to market hours scheduler", "module": "logging", "function": "info", "line": 70}
{"timestamp": "2025-09-12T15:23:37.754729", "level": "INFO", "logger": "__main__", "message": "Added congressional agent dan_meuser to market hours scheduler", "module": "logging", "function": "info", "line": 70}
{"timestamp": "2025-09-12T15:23:37.754768", "level": "INFO", "logger": "src.scheduler.intraday_scheduler", "message": "Added intraday task: andy_grok_market_open at 09:30", "module": "logging", "function": "info", "line": 70}
{"timestamp": "2025-09-12T15:23:37.754801", "level": "INFO", "logger": "src.scheduler.intraday_scheduler", "message": "Added intraday task: andy_grok_market_close at 15:55", "module": "logging", "function": "info", "line": 70}
{"timestamp": "2025-09-12T15:23:37.755005", "level": "INFO", "logger": "src.scheduler.intraday_scheduler", "message": "Added technical agent andy_grok to intraday scheduler", "module": "logging", "function": "info", "line": 70}
{"timestamp": "2025-09-12T15:23:37.755033", "level": "INFO", "logger": "__main__", "message": "Added technical agent andy_grok to market hours scheduler", "module": "logging", "function": "info", "line": 70}
{"timestamp": "2025-09-12T15:23:37.755487", "level": "INFO", "logger": "src.scheduler.intraday_scheduler", "message": "Intraday scheduler loop started", "module": "logging", "function": "info", "line": 70}
{"timestamp": "2025-09-12T15:23:37.755621", "level": "INFO", "logger": "src.scheduler.intraday_scheduler", "message": "Started intraday scheduler with 7 active tasks", "module": "logging", "function": "info", "line": 70}
{"timestamp": "2025-09-12T15:23:37.755659", "level": "INFO", "logger": "__main__", "message": "Market hours scheduler started with 6 total agents", "module": "logging", "function": "info", "line": 70}
{"timestamp": "2025-09-12T15:23:37.755702", "level": "ERROR", "logger": "health", "message": "Health server failed to start", "module": "logging", "function": "error", "line": 86, "exception": {"type": "OSError", "message": "[Errno 48] Address already in use", "traceback": ["Traceback (most recent call last):\n", "  File \"/Users/admin/github/trading-automation/src/utils/health.py\", line 155, in run_server\n    self.app.run(\n", "  File \"/Users/admin/Library/Python/3.9/lib/python/site-packages/flask/app.py\", line 922, in run\n    run_simple(t.cast(str, host), port, self, **options)\n", "  File \"/Users/admin/Library/Python/3.9/lib/python/site-packages/werkzeug/serving.py\", line 1017, in run_simple\n    inner()\n", "  File \"/Users/admin/Library/Python/3.9/lib/python/site-packages/werkzeug/serving.py\", line 957, in inner\n    srv = make_server(\n", "  File \"/Users/admin/Library/Python/3.9/lib/python/site-packages/werkzeug/serving.py\", line 789, in make_server\n    return ThreadedWSGIServer(\n", "  File \"/Users/admin/Library/Python/3.9/lib/python/site-packages/werkzeug/serving.py\", line 693, in __init__\n    super().__init__(server_address, handler)  # type: ignore\n", "  File \"/Applications/Xcode.app/Contents/Developer/Library/Frameworks/Python3.framework/Versions/3.9/lib/python3.9/socketserver.py\", line 452, in __init__\n    self.server_bind()\n", "  File \"/Applications/Xcode.app/Contents/Developer/Library/Frameworks/Python3.framework/Versions/3.9/lib/python3.9/http/server.py\", line 138, in server_bind\n    socketserver.TCPServer.server_bind(self)\n", "  File \"/Applications/Xcode.app/Contents/Developer/Library/Frameworks/Python3.framework/Versions/3.9/lib/python3.9/socketserver.py\", line 466, in server_bind\n    self.socket.bind(self.server_address)\n", "OSError: [Errno 48] Address already in use\n"]}}
{"timestamp": "2025-09-12T15:23:40.163276", "level": "INFO", "logger": "system", "message": "Logging system initialized", "module": "logging", "function": "info", "line": 70}
{"timestamp": "2025-09-12T15:23:40.163505", "level": "INFO", "logger": "database", "message": "Database manager initialized", "module": "logging", "function": "info", "line": 70}
{"timestamp": "2025-09-12T15:23:40.220224", "level": "INFO", "logger": "monitoring", "message": "Default health checks registered", "module": "logging", "function": "info", "line": 70}
{"timestamp": "2025-09-12T15:23:40.759077", "level": "INFO", "logger": "health", "message": "External dependency health checks registered", "module": "logging", "function": "info", "line": 70}
{"timestamp": "2025-09-12T15:23:40.761346", "level": "INFO", "logger": "src.agents.agent_factory", "message": "Initialized Agent Factory", "module": "logging", "function": "info", "line": 70}
{"timestamp": "2025-09-12T15:23:40.761901", "level": "INFO", "logger": "src.data.quiver_client", "message": "Initialized Quiver client with rate limit: 60/min", "module": "logging", "function": "info", "line": 70}
{"timestamp": "2025-09-12T15:23:40.762002", "level": "INFO", "logger": "src.data.alpaca_client", "message": "Initialized Alpaca client in paper trading mode", "module": "logging", "function": "info", "line": 70}
{"timestamp": "2025-09-12T15:23:40.772866", "level": "INFO", "logger": "src.data.market_data_service", "message": "Initialized Market Data Service with 15-minute cache", "module": "logging", "function": "info", "line": 70}
{"timestamp": "2025-09-12T15:23:40.772916", "level": "INFO", "logger": "src.data.data_processor", "message": "Initialized Data Processing Engine", "module": "logging", "function": "info", "line": 70}
{"timestamp": "2025-09-12T15:23:40.772979", "level": "INFO", "logger": "src.scheduler.daily_runner", "message": "Initialized Daily Runner", "module": "logging", "function": "info", "line": 70}
{"timestamp": "2025-09-12T15:23:40.773010", "level": "INFO", "logger": "src.scheduler.daily_runner", "message": "Scheduled execution time: 21:30 US/Eastern", "module": "logging", "function": "info", "line": 70}
{"timestamp": "2025-09-12T15:23:40.773799", "level": "INFO", "logger": "src.scheduler.intraday_scheduler", "message": "Initialized Intraday Scheduler", "module": "logging", "function": "info", "line": 70}
{"timestamp": "2025-09-12T15:23:40.775182", "level": "INFO", "logger": "__main__", "message": "Starting Trading Automation System - Command: intraday-status", "module": "logging", "function": "info", "line": 70}
{"timestamp": "2025-09-12T15:23:40.775224", "level": "INFO", "logger": "__main__", "message": "Getting intraday scheduler status...", "module": "logging", "function": "info", "line": 70}
{"timestamp": "2025-09-12T15:23:40.836462", "level": "INFO", "logger": "src.scheduler.daily_runner", "message": "Received signal 15, shutting down gracefully...", "module": "logging", "function": "info", "line": 70}
{"timestamp": "2025-09-12T15:23:40.836595", "level": "INFO", "logger": "src.scheduler.daily_runner", "message": "Scheduler already stopped", "module": "logging", "function": "info", "line": 70}
{"timestamp": "2025-09-12T15:23:40.836633", "level": "INFO", "logger": "__main__", "message": "Shutting down market hours scheduler...", "module": "logging", "function": "info", "line": 70}
{"timestamp": "2025-09-12T15:23:40.836666", "level": "INFO", "logger": "src.scheduler.intraday_scheduler", "message": "Stopping intraday scheduler...", "module": "logging", "function": "info", "line": 70}
{"timestamp": "2025-09-12T15:23:41.774148", "level": "INFO", "logger": "src.scheduler.intraday_scheduler", "message": "Intraday scheduler loop ended", "module": "logging", "function": "info", "line": 70}
{"timestamp": "2025-09-12T15:23:41.781972", "level": "INFO", "logger": "src.scheduler.intraday_scheduler", "message": "Intraday scheduler stopped", "module": "logging", "function": "info", "line": 70}
{"timestamp": "2025-09-12T15:23:41.782212", "level": "INFO", "logger": "health", "message": "Health server stopped", "module": "logging", "function": "info", "line": 70}
{"timestamp": "2025-09-12T15:23:41.782319", "level": "INFO", "logger": "__main__", "message": "All agents stopped", "module": "logging", "function": "info", "line": 70}
{"timestamp": "2025-09-12T15:23:46.890387", "level": "INFO", "logger": "system", "message": "Logging system initialized", "module": "logging", "function": "info", "line": 70}
{"timestamp": "2025-09-12T15:23:46.890575", "level": "INFO", "logger": "database", "message": "Database manager initialized", "module": "logging", "function": "info", "line": 70}
{"timestamp": "2025-09-12T15:23:46.946257", "level": "INFO", "logger": "monitoring", "message": "Default health checks registered", "module": "logging", "function": "info", "line": 70}
{"timestamp": "2025-09-12T15:23:47.456536", "level": "INFO", "logger": "health", "message": "External dependency health checks registered", "module": "logging", "function": "info", "line": 70}
{"timestamp": "2025-09-12T15:23:47.458818", "level": "INFO", "logger": "src.agents.agent_factory", "message": "Initialized Agent Factory", "module": "logging", "function": "info", "line": 70}
{"timestamp": "2025-09-12T15:23:47.459430", "level": "INFO", "logger": "src.data.quiver_client", "message": "Initialized Quiver client with rate limit: 60/min", "module": "logging", "function": "info", "line": 70}
{"timestamp": "2025-09-12T15:23:47.459567", "level": "INFO", "logger": "src.data.alpaca_client", "message": "Initialized Alpaca client in paper trading mode", "module": "logging", "function": "info", "line": 70}
{"timestamp": "2025-09-12T15:23:47.470316", "level": "INFO", "logger": "src.data.market_data_service", "message": "Initialized Market Data Service with 15-minute cache", "module": "logging", "function": "info", "line": 70}
{"timestamp": "2025-09-12T15:23:47.470375", "level": "INFO", "logger": "src.data.data_processor", "message": "Initialized Data Processing Engine", "module": "logging", "function": "info", "line": 70}
{"timestamp": "2025-09-12T15:23:47.470441", "level": "INFO", "logger": "src.scheduler.daily_runner", "message": "Initialized Daily Runner", "module": "logging", "function": "info", "line": 70}
{"timestamp": "2025-09-12T15:23:47.470473", "level": "INFO", "logger": "src.scheduler.daily_runner", "message": "Scheduled execution time: 21:30 US/Eastern", "module": "logging", "function": "info", "line": 70}
{"timestamp": "2025-09-12T15:23:47.471228", "level": "INFO", "logger": "src.scheduler.intraday_scheduler", "message": "Initialized Intraday Scheduler", "module": "logging", "function": "info", "line": 70}
{"timestamp": "2025-09-12T16:04:34.565838", "level": "INFO", "logger": "system", "message": "Logging system initialized", "module": "logging", "function": "info", "line": 70}
{"timestamp": "2025-09-12T16:04:34.566051", "level": "INFO", "logger": "database", "message": "Database manager initialized", "module": "logging", "function": "info", "line": 70}
{"timestamp": "2025-09-12T16:04:34.633178", "level": "INFO", "logger": "monitoring", "message": "Default health checks registered", "module": "logging", "function": "info", "line": 70}
{"timestamp": "2025-09-12T16:04:35.222524", "level": "INFO", "logger": "health", "message": "External dependency health checks registered", "module": "logging", "function": "info", "line": 70}
{"timestamp": "2025-09-12T16:04:35.224831", "level": "INFO", "logger": "src.agents.agent_factory", "message": "Initialized Agent Factory", "module": "logging", "function": "info", "line": 70}
{"timestamp": "2025-09-12T16:04:35.225408", "level": "INFO", "logger": "src.data.quiver_client", "message": "Initialized Quiver client with rate limit: 60/min", "module": "logging", "function": "info", "line": 70}
{"timestamp": "2025-09-12T16:04:35.225508", "level": "INFO", "logger": "src.data.alpaca_client", "message": "Initialized Alpaca client in paper trading mode", "module": "logging", "function": "info", "line": 70}
{"timestamp": "2025-09-12T16:04:35.240279", "level": "INFO", "logger": "src.data.market_data_service", "message": "Initialized Market Data Service with 15-minute cache", "module": "logging", "function": "info", "line": 70}
{"timestamp": "2025-09-12T16:04:35.240400", "level": "INFO", "logger": "src.data.data_processor", "message": "Initialized Data Processing Engine", "module": "logging", "function": "info", "line": 70}
{"timestamp": "2025-09-12T16:04:35.240485", "level": "INFO", "logger": "src.scheduler.daily_runner", "message": "Initialized Daily Runner", "module": "logging", "function": "info", "line": 70}
{"timestamp": "2025-09-12T16:04:35.240524", "level": "INFO", "logger": "src.scheduler.daily_runner", "message": "Scheduled execution time: 21:30 US/Eastern", "module": "logging", "function": "info", "line": 70}
{"timestamp": "2025-09-12T16:04:35.241776", "level": "INFO", "logger": "src.scheduler.intraday_scheduler", "message": "Initialized Intraday Scheduler", "module": "logging", "function": "info", "line": 70}
{"timestamp": "2025-09-12T16:04:35.243398", "level": "INFO", "logger": "__main__", "message": "Starting Trading Automation System - Command: start", "module": "logging", "function": "info", "line": 70}
{"timestamp": "2025-09-12T16:04:35.243470", "level": "INFO", "logger": "__main__", "message": "Starting all trading agents for market hours execution...", "module": "logging", "function": "info", "line": 70}
{"timestamp": "2025-09-12T16:04:35.243587", "level": "INFO", "logger": "health", "message": "Starting health server on 0.0.0.0:8080", "module": "logging", "function": "info", "line": 70}
{"timestamp": "2025-09-12T16:04:35.243631", "level": "INFO", "logger": "health", "message": "Health server started on 0.0.0.0:8080", "module": "logging", "function": "info", "line": 70}
{"timestamp": "2025-09-12T16:04:35.243713", "level": "INFO", "logger": "__main__", "message": "Health server started on port 8080", "module": "logging", "function": "info", "line": 70}
{"timestamp": "2025-09-12T16:04:35.243761", "level": "INFO", "logger": "src.agents.agent_factory", "message": "Creating 6 agents from configuration", "module": "logging", "function": "info", "line": 70}
{"timestamp": "2025-09-12T16:04:35.243929", "level": "INFO", "logger": "src.data.alpaca_client", "message": "Initialized Alpaca client in paper trading mode", "module": "logging", "function": "info", "line": 70}
{"timestamp": "2025-09-12T16:04:35.244045", "level": "INFO", "logger": "src.data.quiver_client", "message": "Initialized Quiver client with rate limit: 60/min", "module": "logging", "function": "info", "line": 70}
{"timestamp": "2025-09-12T16:04:35.244601", "level": "INFO", "logger": "src.data.market_data_service", "message": "Initialized Market Data Service with 15-minute cache", "module": "logging", "function": "info", "line": 70}
{"timestamp": "2025-09-12T16:04:35.244683", "level": "INFO", "logger": "src.agents.base_agent", "message": "Initialized agent transportation_committee tracking 10 politicians", "module": "logging", "function": "info", "line": 70}
{"timestamp": "2025-09-12T16:04:35.244885", "level": "INFO", "logger": "src.agents.committee_agent", "message": "Initialized committee agent transportation_committee tracking 10 politicians", "module": "logging", "function": "info", "line": 70}
{"timestamp": "2025-09-12T16:04:35.245040", "level": "INFO", "logger": "src.agents.agent_factory", "message": "Created agent: transportation_committee (TransportationCommitteeAgent)", "module": "logging", "function": "info", "line": 70}
{"timestamp": "2025-09-12T16:04:35.245277", "level": "INFO", "logger": "src.data.alpaca_client", "message": "Initialized Alpaca client in paper trading mode", "module": "logging", "function": "info", "line": 70}
{"timestamp": "2025-09-12T16:04:35.245468", "level": "INFO", "logger": "src.data.quiver_client", "message": "Initialized Quiver client with rate limit: 60/min", "module": "logging", "function": "info", "line": 70}
{"timestamp": "2025-09-12T16:04:35.245544", "level": "ERROR", "logger": "health", "message": "Health server failed to start", "module": "logging", "function": "error", "line": 86, "exception": {"type": "OSError", "message": "[Errno 48] Address already in use", "traceback": ["Traceback (most recent call last):\n", "  File \"/Users/admin/github/trading-automation/src/utils/health.py\", line 155, in run_server\n    self.app.run(\n", "  File \"/Users/admin/Library/Python/3.9/lib/python/site-packages/flask/app.py\", line 922, in run\n    run_simple(t.cast(str, host), port, self, **options)\n", "  File \"/Users/admin/Library/Python/3.9/lib/python/site-packages/werkzeug/serving.py\", line 1017, in run_simple\n    inner()\n", "  File \"/Users/admin/Library/Python/3.9/lib/python/site-packages/werkzeug/serving.py\", line 957, in inner\n    srv = make_server(\n", "  File \"/Users/admin/Library/Python/3.9/lib/python/site-packages/werkzeug/serving.py\", line 789, in make_server\n    return ThreadedWSGIServer(\n", "  File \"/Users/admin/Library/Python/3.9/lib/python/site-packages/werkzeug/serving.py\", line 693, in __init__\n    super().__init__(server_address, handler)  # type: ignore\n", "  File \"/Applications/Xcode.app/Contents/Developer/Library/Frameworks/Python3.framework/Versions/3.9/lib/python3.9/socketserver.py\", line 452, in __init__\n    self.server_bind()\n", "  File \"/Applications/Xcode.app/Contents/Developer/Library/Frameworks/Python3.framework/Versions/3.9/lib/python3.9/http/server.py\", line 138, in server_bind\n    socketserver.TCPServer.server_bind(self)\n", "  File \"/Applications/Xcode.app/Contents/Developer/Library/Frameworks/Python3.framework/Versions/3.9/lib/python3.9/socketserver.py\", line 466, in server_bind\n    self.socket.bind(self.server_address)\n", "OSError: [Errno 48] Address already in use\n"]}}
{"timestamp": "2025-09-12T16:04:35.247041", "level": "INFO", "logger": "src.data.market_data_service", "message": "Initialized Market Data Service with 15-minute cache", "module": "logging", "function": "info", "line": 70}
{"timestamp": "2025-09-12T16:04:35.251689", "level": "INFO", "logger": "src.agents.base_agent", "message": "Initialized agent josh_gottheimer tracking 1 politicians", "module": "logging", "function": "info", "line": 70}
{"timestamp": "2025-09-12T16:04:35.251738", "level": "INFO", "logger": "src.agents.individual_agent", "message": "Initialized individual agent josh_gottheimer tracking: Josh Gottheimer", "module": "logging", "function": "info", "line": 70}
{"timestamp": "2025-09-12T16:04:35.251800", "level": "INFO", "logger": "src.agents.agent_factory", "message": "Created agent: josh_gottheimer (JoshGottheimerAgent)", "module": "logging", "function": "info", "line": 70}
{"timestamp": "2025-09-12T16:04:35.251919", "level": "INFO", "logger": "src.data.alpaca_client", "message": "Initialized Alpaca client in paper trading mode", "module": "logging", "function": "info", "line": 70}
{"timestamp": "2025-09-12T16:04:35.251981", "level": "INFO", "logger": "src.data.quiver_client", "message": "Initialized Quiver client with rate limit: 60/min", "module": "logging", "function": "info", "line": 70}
{"timestamp": "2025-09-12T16:04:35.252019", "level": "INFO", "logger": "src.data.market_data_service", "message": "Initialized Market Data Service with 15-minute cache", "module": "logging", "function": "info", "line": 70}
{"timestamp": "2025-09-12T16:04:35.252053", "level": "INFO", "logger": "src.agents.base_agent", "message": "Initialized agent sheldon_whitehouse tracking 1 politicians", "module": "logging", "function": "info", "line": 70}
{"timestamp": "2025-09-12T16:04:35.252082", "level": "INFO", "logger": "src.agents.individual_agent", "message": "Initialized individual agent sheldon_whitehouse tracking: Sheldon Whitehouse", "module": "logging", "function": "info", "line": 70}
{"timestamp": "2025-09-12T16:04:35.252113", "level": "INFO", "logger": "src.agents.agent_factory", "message": "Created agent: sheldon_whitehouse (SheldonWhitehouseAgent)", "module": "logging", "function": "info", "line": 70}
{"timestamp": "2025-09-12T16:04:35.252198", "level": "INFO", "logger": "src.data.alpaca_client", "message": "Initialized Alpaca client in paper trading mode", "module": "logging", "function": "info", "line": 70}
{"timestamp": "2025-09-12T16:04:35.252255", "level": "INFO", "logger": "src.data.quiver_client", "message": "Initialized Quiver client with rate limit: 60/min", "module": "logging", "function": "info", "line": 70}
{"timestamp": "2025-09-12T16:04:35.252286", "level": "INFO", "logger": "src.data.market_data_service", "message": "Initialized Market Data Service with 15-minute cache", "module": "logging", "function": "info", "line": 70}
{"timestamp": "2025-09-12T16:04:35.252320", "level": "INFO", "logger": "src.agents.base_agent", "message": "Initialized agent nancy_pelosi tracking 1 politicians", "module": "logging", "function": "info", "line": 70}
{"timestamp": "2025-09-12T16:04:35.252353", "level": "INFO", "logger": "src.agents.individual_agent", "message": "Initialized individual agent nancy_pelosi tracking: Nancy Pelosi", "module": "logging", "function": "info", "line": 70}
{"timestamp": "2025-09-12T16:04:35.252385", "level": "INFO", "logger": "src.agents.agent_factory", "message": "Created agent: nancy_pelosi (NancyPelosiAgent)", "module": "logging", "function": "info", "line": 70}
{"timestamp": "2025-09-12T16:04:35.252468", "level": "INFO", "logger": "src.data.alpaca_client", "message": "Initialized Alpaca client in paper trading mode", "module": "logging", "function": "info", "line": 70}
{"timestamp": "2025-09-12T16:04:35.252518", "level": "INFO", "logger": "src.data.quiver_client", "message": "Initialized Quiver client with rate limit: 60/min", "module": "logging", "function": "info", "line": 70}
{"timestamp": "2025-09-12T16:04:35.252553", "level": "INFO", "logger": "src.data.market_data_service", "message": "Initialized Market Data Service with 15-minute cache", "module": "logging", "function": "info", "line": 70}
{"timestamp": "2025-09-12T16:04:35.252595", "level": "INFO", "logger": "src.agents.base_agent", "message": "Initialized agent dan_meuser tracking 1 politicians", "module": "logging", "function": "info", "line": 70}
{"timestamp": "2025-09-12T16:04:35.252625", "level": "INFO", "logger": "src.agents.individual_agent", "message": "Initialized individual agent dan_meuser tracking: Dan Meuser", "module": "logging", "function": "info", "line": 70}
{"timestamp": "2025-09-12T16:04:35.252657", "level": "INFO", "logger": "src.agents.agent_factory", "message": "Created agent: dan_meuser (DanMeuserAgent)", "module": "logging", "function": "info", "line": 70}
{"timestamp": "2025-09-12T16:04:35.252975", "level": "INFO", "logger": "src.data.alpaca_client", "message": "Initialized Alpaca client in paper trading mode", "module": "logging", "function": "info", "line": 70}
{"timestamp": "2025-09-12T16:04:35.253032", "level": "INFO", "logger": "src.data.quiver_client", "message": "Initialized Quiver client with rate limit: 60/min", "module": "logging", "function": "info", "line": 70}
{"timestamp": "2025-09-12T16:04:35.253066", "level": "INFO", "logger": "src.data.market_data_service", "message": "Initialized Market Data Service with 15-minute cache", "module": "logging", "function": "info", "line": 70}
{"timestamp": "2025-09-12T16:04:35.253100", "level": "INFO", "logger": "src.agents.base_agent", "message": "Initialized agent andy_grok tracking 0 politicians", "module": "logging", "function": "info", "line": 70}
{"timestamp": "2025-09-12T16:04:35.253153", "level": "INFO", "logger": "src.agents.technical_agent", "message": "Initialized technical agent andy_grok for ticker SPY", "module": "logging", "function": "info", "line": 70}
{"timestamp": "2025-09-12T16:04:35.253204", "level": "INFO", "logger": "src.agents.andy_grok_agent", "message": "Initialized Andy Grok Agent andy_grok - RSI strategy for SPY", "module": "logging", "function": "info", "line": 70}
{"timestamp": "2025-09-12T16:04:35.253236", "level": "INFO", "logger": "src.agents.andy_grok_agent", "message": "RSI thresholds: oversold < 30.0, overbought > 70.0", "module": "logging", "function": "info", "line": 70}
{"timestamp": "2025-09-12T16:04:35.253268", "level": "INFO", "logger": "src.agents.agent_factory", "message": "Created agent: andy_grok (AndyGrokAgent)", "module": "logging", "function": "info", "line": 70}
{"timestamp": "2025-09-12T16:04:35.253296", "level": "INFO", "logger": "src.agents.agent_factory", "message": "Successfully created 6 agents", "module": "logging", "function": "info", "line": 70}
{"timestamp": "2025-09-12T16:04:35.253410", "level": "INFO", "logger": "src.scheduler.intraday_scheduler", "message": "Added intraday task: transportation_committee_market_open at 09:30", "module": "logging", "function": "info", "line": 70}
{"timestamp": "2025-09-12T16:04:35.253481", "level": "INFO", "logger": "src.scheduler.intraday_scheduler", "message": "Added congressional agent transportation_committee to market hours scheduler", "module": "logging", "function": "info", "line": 70}
{"timestamp": "2025-09-12T16:04:35.253529", "level": "INFO", "logger": "__main__", "message": "Added congressional agent transportation_committee to market hours scheduler", "module": "logging", "function": "info", "line": 70}
{"timestamp": "2025-09-12T16:04:35.253576", "level": "INFO", "logger": "src.scheduler.intraday_scheduler", "message": "Added intraday task: josh_gottheimer_market_open at 09:30", "module": "logging", "function": "info", "line": 70}
{"timestamp": "2025-09-12T16:04:35.253608", "level": "INFO", "logger": "src.scheduler.intraday_scheduler", "message": "Added congressional agent josh_gottheimer to market hours scheduler", "module": "logging", "function": "info", "line": 70}
{"timestamp": "2025-09-12T16:04:35.253636", "level": "INFO", "logger": "__main__", "message": "Added congressional agent josh_gottheimer to market hours scheduler", "module": "logging", "function": "info", "line": 70}
{"timestamp": "2025-09-12T16:04:35.253675", "level": "INFO", "logger": "src.scheduler.intraday_scheduler", "message": "Added intraday task: sheldon_whitehouse_market_open at 09:30", "module": "logging", "function": "info", "line": 70}
{"timestamp": "2025-09-12T16:04:35.253705", "level": "INFO", "logger": "src.scheduler.intraday_scheduler", "message": "Added congressional agent sheldon_whitehouse to market hours scheduler", "module": "logging", "function": "info", "line": 70}
{"timestamp": "2025-09-12T16:04:35.253733", "level": "INFO", "logger": "__main__", "message": "Added congressional agent sheldon_whitehouse to market hours scheduler", "module": "logging", "function": "info", "line": 70}
{"timestamp": "2025-09-12T16:04:35.253769", "level": "INFO", "logger": "src.scheduler.intraday_scheduler", "message": "Added intraday task: nancy_pelosi_market_open at 09:30", "module": "logging", "function": "info", "line": 70}
{"timestamp": "2025-09-12T16:04:35.253799", "level": "INFO", "logger": "src.scheduler.intraday_scheduler", "message": "Added congressional agent nancy_pelosi to market hours scheduler", "module": "logging", "function": "info", "line": 70}
{"timestamp": "2025-09-12T16:04:35.253828", "level": "INFO", "logger": "__main__", "message": "Added congressional agent nancy_pelosi to market hours scheduler", "module": "logging", "function": "info", "line": 70}
{"timestamp": "2025-09-12T16:04:35.253862", "level": "INFO", "logger": "src.scheduler.intraday_scheduler", "message": "Added intraday task: dan_meuser_market_open at 09:30", "module": "logging", "function": "info", "line": 70}
{"timestamp": "2025-09-12T16:04:35.253889", "level": "INFO", "logger": "src.scheduler.intraday_scheduler", "message": "Added congressional agent dan_meuser to market hours scheduler", "module": "logging", "function": "info", "line": 70}
{"timestamp": "2025-09-12T16:04:35.253917", "level": "INFO", "logger": "__main__", "message": "Added congressional agent dan_meuser to market hours scheduler", "module": "logging", "function": "info", "line": 70}
{"timestamp": "2025-09-12T16:04:35.253957", "level": "INFO", "logger": "src.scheduler.intraday_scheduler", "message": "Added intraday task: andy_grok_market_open at 09:30", "module": "logging", "function": "info", "line": 70}
{"timestamp": "2025-09-12T16:04:35.253998", "level": "INFO", "logger": "src.scheduler.intraday_scheduler", "message": "Added intraday task: andy_grok_market_close at 15:55", "module": "logging", "function": "info", "line": 70}
{"timestamp": "2025-09-12T16:04:35.254026", "level": "INFO", "logger": "src.scheduler.intraday_scheduler", "message": "Added technical agent andy_grok to intraday scheduler", "module": "logging", "function": "info", "line": 70}
{"timestamp": "2025-09-12T16:04:35.254052", "level": "INFO", "logger": "__main__", "message": "Added technical agent andy_grok to market hours scheduler", "module": "logging", "function": "info", "line": 70}
{"timestamp": "2025-09-12T16:04:35.254595", "level": "INFO", "logger": "src.scheduler.intraday_scheduler", "message": "Intraday scheduler loop started", "module": "logging", "function": "info", "line": 70}
{"timestamp": "2025-09-12T16:04:35.254718", "level": "INFO", "logger": "src.scheduler.intraday_scheduler", "message": "Started intraday scheduler with 7 active tasks", "module": "logging", "function": "info", "line": 70}
{"timestamp": "2025-09-12T16:04:35.254757", "level": "INFO", "logger": "__main__", "message": "Market hours scheduler started with 6 total agents", "module": "logging", "function": "info", "line": 70}
{"timestamp": "2025-09-12T16:04:42.724724", "level": "INFO", "logger": "src.scheduler.daily_runner", "message": "Received signal 2, shutting down gracefully...", "module": "logging", "function": "info", "line": 70}
{"timestamp": "2025-09-12T16:04:42.725245", "level": "INFO", "logger": "src.scheduler.daily_runner", "message": "Scheduler already stopped", "module": "logging", "function": "info", "line": 70}
{"timestamp": "2025-09-12T16:04:42.725349", "level": "INFO", "logger": "__main__", "message": "Shutting down market hours scheduler...", "module": "logging", "function": "info", "line": 70}
{"timestamp": "2025-09-12T16:04:42.725432", "level": "INFO", "logger": "src.scheduler.intraday_scheduler", "message": "Stopping intraday scheduler...", "module": "logging", "function": "info", "line": 70}
{"timestamp": "2025-09-12T16:04:43.284921", "level": "INFO", "logger": "src.scheduler.intraday_scheduler", "message": "Intraday scheduler loop ended", "module": "logging", "function": "info", "line": 70}
{"timestamp": "2025-09-12T16:04:43.285839", "level": "INFO", "logger": "src.scheduler.intraday_scheduler", "message": "Intraday scheduler stopped", "module": "logging", "function": "info", "line": 70}
{"timestamp": "2025-09-12T16:04:43.285992", "level": "INFO", "logger": "health", "message": "Health server stopped", "module": "logging", "function": "info", "line": 70}
{"timestamp": "2025-09-12T16:04:43.286320", "level": "INFO", "logger": "__main__", "message": "All agents stopped", "module": "logging", "function": "info", "line": 70}
{"timestamp": "2025-09-12T16:09:41.572268", "level": "INFO", "logger": "system", "message": "Logging system initialized", "module": "logging", "function": "info", "line": 70}
{"timestamp": "2025-09-12T16:09:41.572499", "level": "INFO", "logger": "database", "message": "Database manager initialized", "module": "logging", "function": "info", "line": 70}
{"timestamp": "2025-09-12T16:09:41.633713", "level": "INFO", "logger": "monitoring", "message": "Default health checks registered", "module": "logging", "function": "info", "line": 70}
{"timestamp": "2025-09-12T16:09:42.147481", "level": "INFO", "logger": "health", "message": "External dependency health checks registered", "module": "logging", "function": "info", "line": 70}
{"timestamp": "2025-09-12T16:09:42.149733", "level": "INFO", "logger": "src.agents.agent_factory", "message": "Initialized Agent Factory", "module": "logging", "function": "info", "line": 70}
{"timestamp": "2025-09-12T16:09:42.150293", "level": "INFO", "logger": "src.data.quiver_client", "message": "Initialized Quiver client with rate limit: 60/min", "module": "logging", "function": "info", "line": 70}
{"timestamp": "2025-09-12T16:09:42.150396", "level": "INFO", "logger": "src.data.alpaca_client", "message": "Initialized Alpaca client in paper trading mode", "module": "logging", "function": "info", "line": 70}
{"timestamp": "2025-09-12T16:09:42.165187", "level": "INFO", "logger": "src.data.market_data_service", "message": "Initialized Market Data Service with 15-minute cache", "module": "logging", "function": "info", "line": 70}
{"timestamp": "2025-09-12T16:09:42.165328", "level": "INFO", "logger": "src.data.data_processor", "message": "Initialized Data Processing Engine", "module": "logging", "function": "info", "line": 70}
{"timestamp": "2025-09-12T16:09:42.165402", "level": "INFO", "logger": "src.scheduler.daily_runner", "message": "Initialized Daily Runner", "module": "logging", "function": "info", "line": 70}
{"timestamp": "2025-09-12T16:09:42.165455", "level": "INFO", "logger": "src.scheduler.daily_runner", "message": "Scheduled execution time: 21:30 US/Eastern", "module": "logging", "function": "info", "line": 70}
{"timestamp": "2025-09-12T16:09:42.166367", "level": "INFO", "logger": "src.scheduler.intraday_scheduler", "message": "Initialized Intraday Scheduler", "module": "logging", "function": "info", "line": 70}
{"timestamp": "2025-09-12T16:09:42.168005", "level": "INFO", "logger": "__main__", "message": "Starting Trading Automation System - Command: start", "module": "logging", "function": "info", "line": 70}
{"timestamp": "2025-09-12T16:09:42.168112", "level": "INFO", "logger": "__main__", "message": "Starting all trading agents for market hours execution...", "module": "logging", "function": "info", "line": 70}
{"timestamp": "2025-09-12T16:09:42.168227", "level": "INFO", "logger": "health", "message": "Starting health server on 0.0.0.0:8080", "module": "logging", "function": "info", "line": 70}
{"timestamp": "2025-09-12T16:09:42.168299", "level": "INFO", "logger": "health", "message": "Health server started on 0.0.0.0:8080", "module": "logging", "function": "info", "line": 70}
{"timestamp": "2025-09-12T16:09:42.168423", "level": "INFO", "logger": "__main__", "message": "Health server started on port 8080", "module": "logging", "function": "info", "line": 70}
{"timestamp": "2025-09-12T16:09:42.168484", "level": "INFO", "logger": "src.agents.agent_factory", "message": "Creating 6 agents from configuration", "module": "logging", "function": "info", "line": 70}
{"timestamp": "2025-09-12T16:09:42.168648", "level": "INFO", "logger": "src.data.alpaca_client", "message": "Initialized Alpaca client in paper trading mode", "module": "logging", "function": "info", "line": 70}
{"timestamp": "2025-09-12T16:09:42.168717", "level": "INFO", "logger": "src.data.quiver_client", "message": "Initialized Quiver client with rate limit: 60/min", "module": "logging", "function": "info", "line": 70}
{"timestamp": "2025-09-12T16:09:42.168760", "level": "INFO", "logger": "src.data.market_data_service", "message": "Initialized Market Data Service with 15-minute cache", "module": "logging", "function": "info", "line": 70}
{"timestamp": "2025-09-12T16:09:42.169306", "level": "INFO", "logger": "src.agents.base_agent", "message": "Initialized agent transportation_committee tracking 10 politicians", "module": "logging", "function": "info", "line": 70}
{"timestamp": "2025-09-12T16:09:42.169384", "level": "INFO", "logger": "src.agents.committee_agent", "message": "Initialized committee agent transportation_committee tracking 10 politicians", "module": "logging", "function": "info", "line": 70}
{"timestamp": "2025-09-12T16:09:42.169438", "level": "INFO", "logger": "src.agents.agent_factory", "message": "Created agent: transportation_committee (TransportationCommitteeAgent)", "module": "logging", "function": "info", "line": 70}
{"timestamp": "2025-09-12T16:09:42.169543", "level": "INFO", "logger": "src.data.alpaca_client", "message": "Initialized Alpaca client in paper trading mode", "module": "logging", "function": "info", "line": 70}
{"timestamp": "2025-09-12T16:09:42.169604", "level": "INFO", "logger": "src.data.quiver_client", "message": "Initialized Quiver client with rate limit: 60/min", "module": "logging", "function": "info", "line": 70}
{"timestamp": "2025-09-12T16:09:42.169913", "level": "INFO", "logger": "src.data.market_data_service", "message": "Initialized Market Data Service with 15-minute cache", "module": "logging", "function": "info", "line": 70}
{"timestamp": "2025-09-12T16:09:42.170000", "level": "INFO", "logger": "src.agents.base_agent", "message": "Initialized agent josh_gottheimer tracking 1 politicians", "module": "logging", "function": "info", "line": 70}
{"timestamp": "2025-09-12T16:09:42.170072", "level": "ERROR", "logger": "health", "message": "Health server failed to start", "module": "logging", "function": "error", "line": 86, "exception": {"type": "OSError", "message": "[Errno 48] Address already in use", "traceback": ["Traceback (most recent call last):\n", "  File \"/Users/admin/github/trading-automation/src/utils/health.py\", line 155, in run_server\n    self.app.run(\n", "  File \"/Users/admin/Library/Python/3.9/lib/python/site-packages/flask/app.py\", line 922, in run\n    run_simple(t.cast(str, host), port, self, **options)\n", "  File \"/Users/admin/Library/Python/3.9/lib/python/site-packages/werkzeug/serving.py\", line 1017, in run_simple\n    inner()\n", "  File \"/Users/admin/Library/Python/3.9/lib/python/site-packages/werkzeug/serving.py\", line 957, in inner\n    srv = make_server(\n", "  File \"/Users/admin/Library/Python/3.9/lib/python/site-packages/werkzeug/serving.py\", line 789, in make_server\n    return ThreadedWSGIServer(\n", "  File \"/Users/admin/Library/Python/3.9/lib/python/site-packages/werkzeug/serving.py\", line 693, in __init__\n    super().__init__(server_address, handler)  # type: ignore\n", "  File \"/Applications/Xcode.app/Contents/Developer/Library/Frameworks/Python3.framework/Versions/3.9/lib/python3.9/socketserver.py\", line 452, in __init__\n    self.server_bind()\n", "  File \"/Applications/Xcode.app/Contents/Developer/Library/Frameworks/Python3.framework/Versions/3.9/lib/python3.9/http/server.py\", line 138, in server_bind\n    socketserver.TCPServer.server_bind(self)\n", "  File \"/Applications/Xcode.app/Contents/Developer/Library/Frameworks/Python3.framework/Versions/3.9/lib/python3.9/socketserver.py\", line 466, in server_bind\n    self.socket.bind(self.server_address)\n", "OSError: [Errno 48] Address already in use\n"]}}
{"timestamp": "2025-09-12T16:09:42.170131", "level": "INFO", "logger": "src.agents.individual_agent", "message": "Initialized individual agent josh_gottheimer tracking: Josh Gottheimer", "module": "logging", "function": "info", "line": 70}
{"timestamp": "2025-09-12T16:09:42.176660", "level": "INFO", "logger": "src.agents.agent_factory", "message": "Created agent: josh_gottheimer (JoshGottheimerAgent)", "module": "logging", "function": "info", "line": 70}
{"timestamp": "2025-09-12T16:09:42.176823", "level": "INFO", "logger": "src.data.alpaca_client", "message": "Initialized Alpaca client in paper trading mode", "module": "logging", "function": "info", "line": 70}
{"timestamp": "2025-09-12T16:09:42.176898", "level": "INFO", "logger": "src.data.quiver_client", "message": "Initialized Quiver client with rate limit: 60/min", "module": "logging", "function": "info", "line": 70}
{"timestamp": "2025-09-12T16:09:42.176940", "level": "INFO", "logger": "src.data.market_data_service", "message": "Initialized Market Data Service with 15-minute cache", "module": "logging", "function": "info", "line": 70}
{"timestamp": "2025-09-12T16:09:42.176976", "level": "INFO", "logger": "src.agents.base_agent", "message": "Initialized agent sheldon_whitehouse tracking 1 politicians", "module": "logging", "function": "info", "line": 70}
{"timestamp": "2025-09-12T16:09:42.177006", "level": "INFO", "logger": "src.agents.individual_agent", "message": "Initialized individual agent sheldon_whitehouse tracking: Sheldon Whitehouse", "module": "logging", "function": "info", "line": 70}
{"timestamp": "2025-09-12T16:09:42.177038", "level": "INFO", "logger": "src.agents.agent_factory", "message": "Created agent: sheldon_whitehouse (SheldonWhitehouseAgent)", "module": "logging", "function": "info", "line": 70}
{"timestamp": "2025-09-12T16:09:42.177126", "level": "INFO", "logger": "src.data.alpaca_client", "message": "Initialized Alpaca client in paper trading mode", "module": "logging", "function": "info", "line": 70}
{"timestamp": "2025-09-12T16:09:42.177178", "level": "INFO", "logger": "src.data.quiver_client", "message": "Initialized Quiver client with rate limit: 60/min", "module": "logging", "function": "info", "line": 70}
{"timestamp": "2025-09-12T16:09:42.177211", "level": "INFO", "logger": "src.data.market_data_service", "message": "Initialized Market Data Service with 15-minute cache", "module": "logging", "function": "info", "line": 70}
{"timestamp": "2025-09-12T16:09:42.177242", "level": "INFO", "logger": "src.agents.base_agent", "message": "Initialized agent nancy_pelosi tracking 1 politicians", "module": "logging", "function": "info", "line": 70}
{"timestamp": "2025-09-12T16:09:42.177270", "level": "INFO", "logger": "src.agents.individual_agent", "message": "Initialized individual agent nancy_pelosi tracking: Nancy Pelosi", "module": "logging", "function": "info", "line": 70}
{"timestamp": "2025-09-12T16:09:42.177302", "level": "INFO", "logger": "src.agents.agent_factory", "message": "Created agent: nancy_pelosi (NancyPelosiAgent)", "module": "logging", "function": "info", "line": 70}
{"timestamp": "2025-09-12T16:09:42.177387", "level": "INFO", "logger": "src.data.alpaca_client", "message": "Initialized Alpaca client in paper trading mode", "module": "logging", "function": "info", "line": 70}
{"timestamp": "2025-09-12T16:09:42.177436", "level": "INFO", "logger": "src.data.quiver_client", "message": "Initialized Quiver client with rate limit: 60/min", "module": "logging", "function": "info", "line": 70}
{"timestamp": "2025-09-12T16:09:42.177471", "level": "INFO", "logger": "src.data.market_data_service", "message": "Initialized Market Data Service with 15-minute cache", "module": "logging", "function": "info", "line": 70}
{"timestamp": "2025-09-12T16:09:42.177505", "level": "INFO", "logger": "src.agents.base_agent", "message": "Initialized agent dan_meuser tracking 1 politicians", "module": "logging", "function": "info", "line": 70}
{"timestamp": "2025-09-12T16:09:42.177533", "level": "INFO", "logger": "src.agents.individual_agent", "message": "Initialized individual agent dan_meuser tracking: Dan Meuser", "module": "logging", "function": "info", "line": 70}
{"timestamp": "2025-09-12T16:09:42.177566", "level": "INFO", "logger": "src.agents.agent_factory", "message": "Created agent: dan_meuser (DanMeuserAgent)", "module": "logging", "function": "info", "line": 70}
{"timestamp": "2025-09-12T16:09:42.177897", "level": "INFO", "logger": "src.data.alpaca_client", "message": "Initialized Alpaca client in paper trading mode", "module": "logging", "function": "info", "line": 70}
{"timestamp": "2025-09-12T16:09:42.177960", "level": "INFO", "logger": "src.data.quiver_client", "message": "Initialized Quiver client with rate limit: 60/min", "module": "logging", "function": "info", "line": 70}
{"timestamp": "2025-09-12T16:09:42.177996", "level": "INFO", "logger": "src.data.market_data_service", "message": "Initialized Market Data Service with 15-minute cache", "module": "logging", "function": "info", "line": 70}
{"timestamp": "2025-09-12T16:09:42.178031", "level": "INFO", "logger": "src.agents.base_agent", "message": "Initialized agent andy_grok tracking 0 politicians", "module": "logging", "function": "info", "line": 70}
{"timestamp": "2025-09-12T16:09:42.178065", "level": "INFO", "logger": "src.agents.technical_agent", "message": "Initialized technical agent andy_grok for ticker SPY", "module": "logging", "function": "info", "line": 70}
{"timestamp": "2025-09-12T16:09:42.178099", "level": "INFO", "logger": "src.agents.andy_grok_agent", "message": "Initialized Andy Grok Agent andy_grok - RSI strategy for SPY", "module": "logging", "function": "info", "line": 70}
{"timestamp": "2025-09-12T16:09:42.178131", "level": "INFO", "logger": "src.agents.andy_grok_agent", "message": "RSI thresholds: oversold < 30.0, overbought > 70.0", "module": "logging", "function": "info", "line": 70}
{"timestamp": "2025-09-12T16:09:42.178163", "level": "INFO", "logger": "src.agents.agent_factory", "message": "Created agent: andy_grok (AndyGrokAgent)", "module": "logging", "function": "info", "line": 70}
{"timestamp": "2025-09-12T16:09:42.178194", "level": "INFO", "logger": "src.agents.agent_factory", "message": "Successfully created 6 agents", "module": "logging", "function": "info", "line": 70}
{"timestamp": "2025-09-12T16:09:42.178250", "level": "INFO", "logger": "src.scheduler.intraday_scheduler", "message": "Added intraday task: transportation_committee_market_open at 09:30", "module": "logging", "function": "info", "line": 70}
{"timestamp": "2025-09-12T16:09:42.178284", "level": "INFO", "logger": "src.scheduler.intraday_scheduler", "message": "Added congressional agent transportation_committee to market hours scheduler", "module": "logging", "function": "info", "line": 70}
{"timestamp": "2025-09-12T16:09:42.178315", "level": "INFO", "logger": "__main__", "message": "Added congressional agent transportation_committee to market hours scheduler", "module": "logging", "function": "info", "line": 70}
{"timestamp": "2025-09-12T16:09:42.178351", "level": "INFO", "logger": "src.scheduler.intraday_scheduler", "message": "Added intraday task: josh_gottheimer_market_open at 09:30", "module": "logging", "function": "info", "line": 70}
{"timestamp": "2025-09-12T16:09:42.178383", "level": "INFO", "logger": "src.scheduler.intraday_scheduler", "message": "Added congressional agent josh_gottheimer to market hours scheduler", "module": "logging", "function": "info", "line": 70}
{"timestamp": "2025-09-12T16:09:42.178411", "level": "INFO", "logger": "__main__", "message": "Added congressional agent josh_gottheimer to market hours scheduler", "module": "logging", "function": "info", "line": 70}
{"timestamp": "2025-09-12T16:09:42.178448", "level": "INFO", "logger": "src.scheduler.intraday_scheduler", "message": "Added intraday task: sheldon_whitehouse_market_open at 09:30", "module": "logging", "function": "info", "line": 70}
{"timestamp": "2025-09-12T16:09:42.178476", "level": "INFO", "logger": "src.scheduler.intraday_scheduler", "message": "Added congressional agent sheldon_whitehouse to market hours scheduler", "module": "logging", "function": "info", "line": 70}
{"timestamp": "2025-09-12T16:09:42.178502", "level": "INFO", "logger": "__main__", "message": "Added congressional agent sheldon_whitehouse to market hours scheduler", "module": "logging", "function": "info", "line": 70}
{"timestamp": "2025-09-12T16:09:42.178535", "level": "INFO", "logger": "src.scheduler.intraday_scheduler", "message": "Added intraday task: nancy_pelosi_market_open at 09:30", "module": "logging", "function": "info", "line": 70}
{"timestamp": "2025-09-12T16:09:42.178562", "level": "INFO", "logger": "src.scheduler.intraday_scheduler", "message": "Added congressional agent nancy_pelosi to market hours scheduler", "module": "logging", "function": "info", "line": 70}
{"timestamp": "2025-09-12T16:09:42.178587", "level": "INFO", "logger": "__main__", "message": "Added congressional agent nancy_pelosi to market hours scheduler", "module": "logging", "function": "info", "line": 70}
{"timestamp": "2025-09-12T16:09:42.178620", "level": "INFO", "logger": "src.scheduler.intraday_scheduler", "message": "Added intraday task: dan_meuser_market_open at 09:30", "module": "logging", "function": "info", "line": 70}
{"timestamp": "2025-09-12T16:09:42.178647", "level": "INFO", "logger": "src.scheduler.intraday_scheduler", "message": "Added congressional agent dan_meuser to market hours scheduler", "module": "logging", "function": "info", "line": 70}
{"timestamp": "2025-09-12T16:09:42.178675", "level": "INFO", "logger": "__main__", "message": "Added congressional agent dan_meuser to market hours scheduler", "module": "logging", "function": "info", "line": 70}
{"timestamp": "2025-09-12T16:09:42.178714", "level": "INFO", "logger": "src.scheduler.intraday_scheduler", "message": "Added intraday task: andy_grok_market_open at 09:30", "module": "logging", "function": "info", "line": 70}
{"timestamp": "2025-09-12T16:09:42.178749", "level": "INFO", "logger": "src.scheduler.intraday_scheduler", "message": "Added intraday task: andy_grok_market_close at 15:55", "module": "logging", "function": "info", "line": 70}
{"timestamp": "2025-09-12T16:09:42.178779", "level": "INFO", "logger": "src.scheduler.intraday_scheduler", "message": "Added technical agent andy_grok to intraday scheduler", "module": "logging", "function": "info", "line": 70}
{"timestamp": "2025-09-12T16:09:42.178805", "level": "INFO", "logger": "__main__", "message": "Added technical agent andy_grok to market hours scheduler", "module": "logging", "function": "info", "line": 70}
{"timestamp": "2025-09-12T16:09:42.179281", "level": "INFO", "logger": "src.scheduler.intraday_scheduler", "message": "Intraday scheduler loop started", "module": "logging", "function": "info", "line": 70}
{"timestamp": "2025-09-12T16:09:42.179358", "level": "INFO", "logger": "src.scheduler.intraday_scheduler", "message": "Started intraday scheduler with 7 active tasks", "module": "logging", "function": "info", "line": 70}
{"timestamp": "2025-09-12T16:09:42.179412", "level": "INFO", "logger": "__main__", "message": "Market hours scheduler started with 6 total agents", "module": "logging", "function": "info", "line": 70}
{"timestamp": "2025-09-12T16:13:17.693508", "level": "INFO", "logger": "src.scheduler.daily_runner", "message": "Received signal 2, shutting down gracefully...", "module": "logging", "function": "info", "line": 70}
{"timestamp": "2025-09-12T16:13:17.693978", "level": "INFO", "logger": "src.scheduler.daily_runner", "message": "Scheduler already stopped", "module": "logging", "function": "info", "line": 70}
{"timestamp": "2025-09-12T16:13:17.694077", "level": "INFO", "logger": "__main__", "message": "Shutting down market hours scheduler...", "module": "logging", "function": "info", "line": 70}
{"timestamp": "2025-09-12T16:13:17.694146", "level": "INFO", "logger": "src.scheduler.intraday_scheduler", "message": "Stopping intraday scheduler...", "module": "logging", "function": "info", "line": 70}
{"timestamp": "2025-09-12T16:13:18.109300", "level": "INFO", "logger": "src.scheduler.intraday_scheduler", "message": "Intraday scheduler loop ended", "module": "logging", "function": "info", "line": 70}
{"timestamp": "2025-09-12T16:13:18.113304", "level": "INFO", "logger": "src.scheduler.intraday_scheduler", "message": "Intraday scheduler stopped", "module": "logging", "function": "info", "line": 70}
{"timestamp": "2025-09-12T16:13:18.113721", "level": "INFO", "logger": "health", "message": "Health server stopped", "module": "logging", "function": "info", "line": 70}
{"timestamp": "2025-09-12T16:13:18.113884", "level": "INFO", "logger": "__main__", "message": "All agents stopped", "module": "logging", "function": "info", "line": 70}
{"timestamp": "2025-09-12T16:14:20.259772", "level": "INFO", "logger": "src.scheduler.daily_runner", "message": "Received signal 15, shutting down gracefully...", "module": "logging", "function": "info", "line": 70}
{"timestamp": "2025-09-12T16:14:20.260127", "level": "INFO", "logger": "src.scheduler.daily_runner", "message": "Stopping daily scheduler...", "module": "logging", "function": "info", "line": 70}
{"timestamp": "2025-09-12T16:14:20.260292", "level": "INFO", "logger": "src.scheduler.daily_runner", "message": "Scheduler loop stopped", "module": "logging", "function": "info", "line": 70}
{"timestamp": "2025-09-12T16:14:20.276549", "level": "INFO", "logger": "src.scheduler.daily_runner", "message": "Daily scheduler stopped", "module": "logging", "function": "info", "line": 70}
{"timestamp": "2025-09-12T16:14:20.276869", "level": "INFO", "logger": "__main__", "message": "Shutting down scheduler...", "module": "logging", "function": "info", "line": 70}
{"timestamp": "2025-09-12T16:14:20.276970", "level": "INFO", "logger": "src.scheduler.daily_runner", "message": "Scheduler already stopped", "module": "logging", "function": "info", "line": 70}
{"timestamp": "2025-09-12T16:14:20.277203", "level": "INFO", "logger": "health", "message": "Health server stopped", "module": "logging", "function": "info", "line": 70}
{"timestamp": "2025-09-12T16:14:20.277319", "level": "INFO", "logger": "__main__", "message": "Scheduler stopped", "module": "logging", "function": "info", "line": 70}
{"timestamp": "2025-09-12T16:15:52.710302", "level": "INFO", "logger": "system", "message": "Logging system initialized", "module": "logging", "function": "info", "line": 70}
{"timestamp": "2025-09-12T16:15:52.710501", "level": "INFO", "logger": "database", "message": "Database manager initialized", "module": "logging", "function": "info", "line": 70}
{"timestamp": "2025-09-12T16:15:53.127430", "level": "INFO", "logger": "monitoring", "message": "Default health checks registered", "module": "logging", "function": "info", "line": 70}
{"timestamp": "2025-09-12T16:15:53.244211", "level": "INFO", "logger": "src.services.shared_services", "message": "Initializing shared services singleton", "module": "logging", "function": "info", "line": 70}
{"timestamp": "2025-09-12T16:15:53.244432", "level": "INFO", "logger": "src.data.alpaca_client", "message": "Initialized Alpaca client in paper trading mode", "module": "logging", "function": "info", "line": 70}
{"timestamp": "2025-09-12T16:15:53.244507", "level": "INFO", "logger": "src.data.quiver_client", "message": "Initialized Quiver client with rate limit: 60/min", "module": "logging", "function": "info", "line": 70}
{"timestamp": "2025-09-12T16:15:53.259340", "level": "INFO", "logger": "src.data.market_data_service", "message": "Initialized Market Data Service with 15-minute cache", "module": "logging", "function": "info", "line": 70}
{"timestamp": "2025-09-12T16:15:53.259442", "level": "INFO", "logger": "src.services.shared_services", "message": "Shared services initialized successfully", "module": "logging", "function": "info", "line": 70}
{"timestamp": "2025-09-12T16:15:53.316120", "level": "INFO", "logger": "health", "message": "External dependency health checks registered", "module": "logging", "function": "info", "line": 70}
{"timestamp": "2025-09-12T16:15:53.318456", "level": "INFO", "logger": "src.agents.agent_factory", "message": "Initialized Agent Factory", "module": "logging", "function": "info", "line": 70}
{"timestamp": "2025-09-12T16:15:53.321359", "level": "INFO", "logger": "src.agents.agent_factory", "message": "Creating 6 agents from configuration", "module": "logging", "function": "info", "line": 70}
{"timestamp": "2025-09-12T16:15:53.321441", "level": "INFO", "logger": "src.agents.base_agent", "message": "Initialized agent transportation_committee tracking 10 politicians", "module": "logging", "function": "info", "line": 70}
{"timestamp": "2025-09-12T16:15:53.321511", "level": "INFO", "logger": "src.agents.committee_agent", "message": "Initialized committee agent transportation_committee tracking 10 politicians", "module": "logging", "function": "info", "line": 70}
{"timestamp": "2025-09-12T16:15:53.321557", "level": "INFO", "logger": "src.agents.agent_factory", "message": "Created agent: transportation_committee (TransportationCommitteeAgent)", "module": "logging", "function": "info", "line": 70}
{"timestamp": "2025-09-12T16:15:53.321606", "level": "INFO", "logger": "src.agents.base_agent", "message": "Initialized agent josh_gottheimer tracking 1 politicians", "module": "logging", "function": "info", "line": 70}
{"timestamp": "2025-09-12T16:15:53.321641", "level": "INFO", "logger": "src.agents.individual_agent", "message": "Initialized individual agent josh_gottheimer tracking: Josh Gottheimer", "module": "logging", "function": "info", "line": 70}
{"timestamp": "2025-09-12T16:15:53.321672", "level": "INFO", "logger": "src.agents.agent_factory", "message": "Created agent: josh_gottheimer (JoshGottheimerAgent)", "module": "logging", "function": "info", "line": 70}
{"timestamp": "2025-09-12T16:15:53.321715", "level": "INFO", "logger": "src.agents.base_agent", "message": "Initialized agent sheldon_whitehouse tracking 1 politicians", "module": "logging", "function": "info", "line": 70}
{"timestamp": "2025-09-12T16:15:53.321743", "level": "INFO", "logger": "src.agents.individual_agent", "message": "Initialized individual agent sheldon_whitehouse tracking: Sheldon Whitehouse", "module": "logging", "function": "info", "line": 70}
{"timestamp": "2025-09-12T16:15:53.321775", "level": "INFO", "logger": "src.agents.agent_factory", "message": "Created agent: sheldon_whitehouse (SheldonWhitehouseAgent)", "module": "logging", "function": "info", "line": 70}
{"timestamp": "2025-09-12T16:15:53.321817", "level": "INFO", "logger": "src.agents.base_agent", "message": "Initialized agent nancy_pelosi tracking 1 politicians", "module": "logging", "function": "info", "line": 70}
{"timestamp": "2025-09-12T16:15:53.321846", "level": "INFO", "logger": "src.agents.individual_agent", "message": "Initialized individual agent nancy_pelosi tracking: Nancy Pelosi", "module": "logging", "function": "info", "line": 70}
{"timestamp": "2025-09-12T16:15:53.321875", "level": "INFO", "logger": "src.agents.agent_factory", "message": "Created agent: nancy_pelosi (NancyPelosiAgent)", "module": "logging", "function": "info", "line": 70}
{"timestamp": "2025-09-12T16:15:53.321913", "level": "INFO", "logger": "src.agents.base_agent", "message": "Initialized agent dan_meuser tracking 1 politicians", "module": "logging", "function": "info", "line": 70}
{"timestamp": "2025-09-12T16:15:53.321940", "level": "INFO", "logger": "src.agents.individual_agent", "message": "Initialized individual agent dan_meuser tracking: Dan Meuser", "module": "logging", "function": "info", "line": 70}
{"timestamp": "2025-09-12T16:15:53.321970", "level": "INFO", "logger": "src.agents.agent_factory", "message": "Created agent: dan_meuser (DanMeuserAgent)", "module": "logging", "function": "info", "line": 70}
{"timestamp": "2025-09-12T16:15:53.322190", "level": "INFO", "logger": "src.agents.base_agent", "message": "Initialized agent andy_grok tracking 0 politicians", "module": "logging", "function": "info", "line": 70}
{"timestamp": "2025-09-12T16:15:53.322229", "level": "INFO", "logger": "src.agents.technical_agent", "message": "Initialized technical agent andy_grok for ticker SPY", "module": "logging", "function": "info", "line": 70}
{"timestamp": "2025-09-12T16:15:53.322264", "level": "INFO", "logger": "src.agents.andy_grok_agent", "message": "Initialized Andy Grok Agent andy_grok - RSI strategy for SPY", "module": "logging", "function": "info", "line": 70}
{"timestamp": "2025-09-12T16:15:53.322297", "level": "INFO", "logger": "src.agents.andy_grok_agent", "message": "RSI thresholds: oversold < 30.0, overbought > 70.0", "module": "logging", "function": "info", "line": 70}
{"timestamp": "2025-09-12T16:15:53.322327", "level": "INFO", "logger": "src.agents.agent_factory", "message": "Created agent: andy_grok (AndyGrokAgent)", "module": "logging", "function": "info", "line": 70}
{"timestamp": "2025-09-12T16:15:53.322356", "level": "INFO", "logger": "src.agents.agent_factory", "message": "Successfully created 6 agents", "module": "logging", "function": "info", "line": 70}
